2023-07-26 02:53:00.214 [info] Extension host with pid 232476 started
2023-07-26 02:53:00.238 [info] ExtensionService#_doActivateExtension vscode.github-authentication, startup: false, activationEvent: 'onAuthenticationRequest:github'
2023-07-26 02:53:00.282 [info] ExtensionService#_doActivateExtension vscode.git-base, startup: true, activationEvent: '*', root cause: vscode.git
2023-07-26 02:53:00.285 [info] ExtensionService#_doActivateExtension vscode.microsoft-authentication, startup: false, activationEvent: 'onAuthenticationRequest:microsoft'
2023-07-26 02:53:00.308 [info] ExtensionService#_doActivateExtension vscode.git, startup: true, activationEvent: '*'
2023-07-26 02:53:00.360 [info] ExtensionService#_doActivateExtension vscode.github, startup: true, activationEvent: '*'
2023-07-26 02:53:00.441 [info] Eager extensions activated
2023-07-26 02:53:00.458 [info] ExtensionService#_doActivateExtension vscode.debug-auto-launch, startup: false, activationEvent: 'onStartupFinished'
2023-07-26 02:53:00.460 [info] ExtensionService#_doActivateExtension vscode.merge-conflict, startup: false, activationEvent: 'onStartupFinished'
2023-07-26 02:53:20.703 [info] Extension host terminating: renderer closed the MessagePort
2023-07-26 02:53:20.708 [info] Extension host with pid 232476 exiting with code 0
2023-07-26 02:53:21.330 [info] Extension host with pid 235675 started
2023-07-26 02:53:21.331 [info] Skipping acquiring lock for /home/qix/.config/Code/User/workspaceStorage/a771d8fd3f41a48d47c6c9fea1450f7f.
2023-07-26 02:53:21.354 [info] ExtensionService#_doActivateExtension vscode.git-base, startup: true, activationEvent: '*'
2023-07-26 02:53:21.360 [info] ExtensionService#_doActivateExtension vscode.github, startup: true, activationEvent: '*'
2023-07-26 02:53:21.401 [info] Eager extensions activated
2023-07-26 02:53:21.419 [info] ExtensionService#_doActivateExtension vscode.debug-auto-launch, startup: false, activationEvent: 'onStartupFinished'
2023-07-26 02:53:21.421 [info] ExtensionService#_doActivateExtension vscode.merge-conflict, startup: false, activationEvent: 'onStartupFinished'
2023-07-26 02:53:21.430 [info] ExtensionService#_doActivateExtension vscode.github-authentication, startup: false, activationEvent: 'onAuthenticationRequest:github'
2023-07-26 02:53:21.520 [info] ExtensionService#_doActivateExtension vscode.microsoft-authentication, startup: false, activationEvent: 'onAuthenticationRequest:microsoft'
2023-07-26 02:53:23.872 [info] ExtensionService#_doActivateExtension vscode.git, startup: false, activationEvent: 'api', root cause: vscode.github
2023-07-26 02:53:28.516 [info] Extension host terminating: renderer closed the MessagePort
2023-07-26 02:53:28.520 [info] Extension host with pid 235675 exiting with code 0
